<?xml version="1.0" encoding="UTF-8"?>
<testng-results skipped="0" failed="0" ignored="0" total="1" passed="1">
  <reporter-output>
  </reporter-output>
  <suite name="Suite" duration-ms="23352" started-at="2021-04-19T14:56:23 IST" finished-at="2021-04-19T14:56:47 IST">
    <groups>
    </groups>
    <test name="Test" duration-ms="23352" started-at="2021-04-19T14:56:23 IST" finished-at="2021-04-19T14:56:47 IST">
      <class name="com.qa.orangeHRM.testcases.EmpFileUpload">
        <test-method status="PASS" signature="beforeSuite()[pri:0, instance:com.qa.orangeHRM.testcases.EmpFileUpload@6c779568]" name="beforeSuite" is-config="true" duration-ms="130" started-at="2021-04-19T14:56:23 IST" finished-at="2021-04-19T14:56:23 IST">
          <reporter-output>
          </reporter-output>
        </test-method> <!-- beforeSuite -->
        <test-method status="PASS" signature="beforeTest()[pri:0, instance:com.qa.orangeHRM.testcases.EmpFileUpload@6c779568]" name="beforeTest" is-config="true" duration-ms="0" started-at="2021-04-19T14:56:23 IST" finished-at="2021-04-19T14:56:23 IST">
          <reporter-output>
          </reporter-output>
        </test-method> <!-- beforeTest -->
        <test-method status="PASS" signature="beforeClass()[pri:0, instance:com.qa.orangeHRM.testcases.EmpFileUpload@6c779568]" name="beforeClass" is-config="true" duration-ms="1" started-at="2021-04-19T14:56:23 IST" finished-at="2021-04-19T14:56:23 IST">
          <reporter-output>
          </reporter-output>
        </test-method> <!-- beforeClass -->
        <test-method status="PASS" signature="beforeMethod(java.lang.String,java.lang.reflect.Method)[pri:0, instance:com.qa.orangeHRM.testcases.EmpFileUpload@6c779568]" name="beforeMethod" is-config="true" duration-ms="8262" started-at="2021-04-19T14:56:23 IST" finished-at="2021-04-19T14:56:31 IST">
          <params>
            <param index="0">
              <value>
                <![CDATA[Chrome]]>
              </value>
            </param>
            <param index="1">
              <value>
                <![CDATA[public void com.qa.orangeHRM.testcases.EmpFileUpload.EmpFileUpload()]]>
              </value>
            </param>
          </params>
          <reporter-output>
          </reporter-output>
        </test-method> <!-- beforeMethod -->
        <test-method status="PASS" signature="EmpFileUpload()[pri:0, instance:com.qa.orangeHRM.testcases.EmpFileUpload@6c779568]" name="EmpFileUpload" duration-ms="14224" started-at="2021-04-19T14:56:31 IST" finished-at="2021-04-19T14:56:46 IST">
          <reporter-output>
          </reporter-output>
        </test-method> <!-- EmpFileUpload -->
        <test-method status="PASS" signature="afterMethod()[pri:0, instance:com.qa.orangeHRM.testcases.EmpFileUpload@6c779568]" name="afterMethod" is-config="true" duration-ms="823" started-at="2021-04-19T14:56:46 IST" finished-at="2021-04-19T14:56:47 IST">
          <reporter-output>
          </reporter-output>
        </test-method> <!-- afterMethod -->
        <test-method status="PASS" signature="afterClass()[pri:0, instance:com.qa.orangeHRM.testcases.EmpFileUpload@6c779568]" name="afterClass" is-config="true" duration-ms="0" started-at="2021-04-19T14:56:47 IST" finished-at="2021-04-19T14:56:47 IST">
          <reporter-output>
          </reporter-output>
        </test-method> <!-- afterClass -->
        <test-method status="PASS" signature="afterTest()[pri:0, instance:com.qa.orangeHRM.testcases.EmpFileUpload@6c779568]" name="afterTest" is-config="true" duration-ms="1" started-at="2021-04-19T14:56:47 IST" finished-at="2021-04-19T14:56:47 IST">
          <reporter-output>
          </reporter-output>
        </test-method> <!-- afterTest -->
        <test-method status="PASS" signature="afterSuite()[pri:0, instance:com.qa.orangeHRM.testcases.EmpFileUpload@6c779568]" name="afterSuite" is-config="true" duration-ms="375" started-at="2021-04-19T14:56:47 IST" finished-at="2021-04-19T14:56:47 IST">
          <reporter-output>
          </reporter-output>
        </test-method> <!-- afterSuite -->
      </class> <!-- com.qa.orangeHRM.testcases.EmpFileUpload -->
    </test> <!-- Test -->
  </suite> <!-- Suite -->
</testng-results>
