<?xml version="1.0" encoding="UTF-8"?>
<testsuite xmlns:xsi="http://www.w3.org/2001/XMLSchema-instance" xsi:noNamespaceSchemaLocation="https://maven.apache.org/surefire/maven-surefire-plugin/xsd/surefire-test-report-3.0.xsd" version="3.0" name="TestSuite" time="25.788" tests="1" errors="0" skipped="0" failures="0">
  <properties>
[...]
</properties>
  <testcase name="EmpFileUpload" classname="com.qa.orangeHRM.testcases.EmpFileUpload" time="13.991">
    <system-out><![CDATA[[TestNG] [WARN] Ignoring duplicate listener : org.uncommons.reportng.HTMLReporter
BeforeSuite: All initialization happen here
Class is started
BeforeTest: Common code required will be executed
BeforeClass - Parent test report will be initialized
[INFO ] 2021-04-19 14:56:23.720 [main] base - Before Method is started
[INFO ] 2021-04-19 14:56:23.731 [main] base - Executing on browser Chrome
[DEBUG] 2021-04-19 14:56:23.867 [main] InternalLoggerFactory - Using Log4J2 as the default logging framework
[DEBUG] 2021-04-19 14:56:23.876 [main] ResourceLeakDetector - -Dio.netty.leakDetection.level: simple
[DEBUG] 2021-04-19 14:56:23.876 [main] ResourceLeakDetector - -Dio.netty.leakDetection.targetRecords: 4
[DEBUG] 2021-04-19 14:56:23.884 [main] ResourceLeakDetectorFactory - Loaded default ResourceLeakDetector: io.netty.util.ResourceLeakDetector@928763c
[DEBUG] 2021-04-19 14:56:23.911 [main] PlatformDependent - Platform: Windows
[DEBUG] 2021-04-19 14:56:23.915 [main] PlatformDependent0 - -Dio.netty.noUnsafe: false
[DEBUG] 2021-04-19 14:56:23.915 [main] PlatformDependent0 - Java version: 8
[DEBUG] 2021-04-19 14:56:23.917 [main] PlatformDependent0 - sun.misc.Unsafe.theUnsafe: available
[DEBUG] 2021-04-19 14:56:23.917 [main] PlatformDependent0 - sun.misc.Unsafe.copyMemory: available
[DEBUG] 2021-04-19 14:56:23.918 [main] PlatformDependent0 - java.nio.Buffer.address: available
[DEBUG] 2021-04-19 14:56:23.919 [main] PlatformDependent0 - direct buffer constructor: available
[DEBUG] 2021-04-19 14:56:23.921 [main] PlatformDependent0 - java.nio.Bits.unaligned: available, true
[DEBUG] 2021-04-19 14:56:23.921 [main] PlatformDependent0 - jdk.internal.misc.Unsafe.allocateUninitializedArray(int): unavailable prior to Java9
[DEBUG] 2021-04-19 14:56:23.921 [main] PlatformDependent0 - java.nio.DirectByteBuffer.<init>(long, int): available
[DEBUG] 2021-04-19 14:56:23.921 [main] PlatformDependent - sun.misc.Unsafe: available
[DEBUG] 2021-04-19 14:56:23.922 [main] PlatformDependent - -Dio.netty.tmpdir: C:\Users\lenovo\AppData\Local\Temp (java.io.tmpdir)
[DEBUG] 2021-04-19 14:56:23.922 [main] PlatformDependent - -Dio.netty.bitMode: 64 (sun.arch.data.model)
[DEBUG] 2021-04-19 14:56:23.923 [main] PlatformDependent - -Dio.netty.maxDirectMemory: 2787115008 bytes
[DEBUG] 2021-04-19 14:56:23.924 [main] PlatformDependent - -Dio.netty.uninitializedArrayAllocationThreshold: -1
[DEBUG] 2021-04-19 14:56:23.925 [main] CleanerJava6 - java.nio.ByteBuffer.cleaner(): available
[DEBUG] 2021-04-19 14:56:23.925 [main] PlatformDependent - -Dio.netty.noPreferDirect: false
[DEBUG] 2021-04-19 14:56:23.949 [main] PlatformDependent - org.jctools-core.MpscChunkedArrayQueue: available
[DEBUG] 2021-04-19 14:56:23.978 [main] InternalThreadLocalMap - -Dio.netty.threadLocalMap.stringBuilder.initialSize: 1024
[DEBUG] 2021-04-19 14:56:23.979 [main] InternalThreadLocalMap - -Dio.netty.threadLocalMap.stringBuilder.maxSize: 4096
[DEBUG] 2021-04-19 14:56:24.684 [main] JdkSslContext - Default protocols (JDK): [TLSv1.2, TLSv1.1, TLSv1] 
[DEBUG] 2021-04-19 14:56:24.685 [main] JdkSslContext - Default cipher suites (JDK): [TLS_ECDHE_ECDSA_WITH_AES_256_GCM_SHA384, TLS_ECDHE_ECDSA_WITH_AES_128_GCM_SHA256, TLS_ECDHE_RSA_WITH_AES_128_GCM_SHA256, TLS_ECDHE_RSA_WITH_AES_256_GCM_SHA384, TLS_ECDHE_RSA_WITH_AES_128_CBC_SHA, TLS_ECDHE_RSA_WITH_AES_256_CBC_SHA, TLS_RSA_WITH_AES_128_GCM_SHA256, TLS_RSA_WITH_AES_128_CBC_SHA, TLS_RSA_WITH_AES_256_CBC_SHA, TLS_AES_128_GCM_SHA256, TLS_AES_256_GCM_SHA384]
[DEBUG] 2021-04-19 14:56:24.728 [main] MultithreadEventLoopGroup - -Dio.netty.eventLoopThreads: 8
[DEBUG] 2021-04-19 14:56:24.740 [main] NioEventLoop - -Dio.netty.noKeySetOptimization: false
[DEBUG] 2021-04-19 14:56:24.740 [main] NioEventLoop - -Dio.netty.selectorAutoRebuildThreshold: 512
[TRACE] 2021-04-19 14:56:24.759 [main] NioEventLoop - instrumented a special java.util.Set into: sun.nio.ch.WindowsSelectorImpl@2807bdeb
[TRACE] 2021-04-19 14:56:24.761 [main] NioEventLoop - instrumented a special java.util.Set into: sun.nio.ch.WindowsSelectorImpl@2c5529ab
[TRACE] 2021-04-19 14:56:24.761 [main] NioEventLoop - instrumented a special java.util.Set into: sun.nio.ch.WindowsSelectorImpl@39a8312f
[TRACE] 2021-04-19 14:56:24.762 [main] NioEventLoop - instrumented a special java.util.Set into: sun.nio.ch.WindowsSelectorImpl@5f6722d3
[TRACE] 2021-04-19 14:56:24.763 [main] NioEventLoop - instrumented a special java.util.Set into: sun.nio.ch.WindowsSelectorImpl@2c532cd8
[TRACE] 2021-04-19 14:56:24.764 [main] NioEventLoop - instrumented a special java.util.Set into: sun.nio.ch.WindowsSelectorImpl@294e5088
[TRACE] 2021-04-19 14:56:24.765 [main] NioEventLoop - instrumented a special java.util.Set into: sun.nio.ch.WindowsSelectorImpl@51972dc7
[TRACE] 2021-04-19 14:56:24.767 [main] NioEventLoop - instrumented a special java.util.Set into: sun.nio.ch.WindowsSelectorImpl@3700ec9c
[DEBUG] 2021-04-19 14:56:24.801 [main] PooledByteBufAllocator - -Dio.netty.allocator.numHeapArenas: 8
[DEBUG] 2021-04-19 14:56:24.802 [main] PooledByteBufAllocator - -Dio.netty.allocator.numDirectArenas: 8
[DEBUG] 2021-04-19 14:56:24.802 [main] PooledByteBufAllocator - -Dio.netty.allocator.pageSize: 8192
[DEBUG] 2021-04-19 14:56:24.802 [main] PooledByteBufAllocator - -Dio.netty.allocator.maxOrder: 11
[DEBUG] 2021-04-19 14:56:24.802 [main] PooledByteBufAllocator - -Dio.netty.allocator.chunkSize: 16777216
[DEBUG] 2021-04-19 14:56:24.803 [main] PooledByteBufAllocator - -Dio.netty.allocator.smallCacheSize: 256
[DEBUG] 2021-04-19 14:56:24.803 [main] PooledByteBufAllocator - -Dio.netty.allocator.normalCacheSize: 64
[DEBUG] 2021-04-19 14:56:24.803 [main] PooledByteBufAllocator - -Dio.netty.allocator.maxCachedBufferCapacity: 32768
[DEBUG] 2021-04-19 14:56:24.804 [main] PooledByteBufAllocator - -Dio.netty.allocator.cacheTrimInterval: 8192
[DEBUG] 2021-04-19 14:56:24.804 [main] PooledByteBufAllocator - -Dio.netty.allocator.cacheTrimIntervalMillis: 0
[DEBUG] 2021-04-19 14:56:24.804 [main] PooledByteBufAllocator - -Dio.netty.allocator.useCacheForAllThreads: true
[DEBUG] 2021-04-19 14:56:24.804 [main] PooledByteBufAllocator - -Dio.netty.allocator.maxCachedByteBuffersPerChunk: 1023
[DEBUG] 2021-04-19 14:56:24.818 [main] ByteBufUtil - -Dio.netty.allocator.type: pooled
[DEBUG] 2021-04-19 14:56:24.818 [main] ByteBufUtil - -Dio.netty.threadLocalDirectBufferSize: 0
[DEBUG] 2021-04-19 14:56:24.818 [main] ByteBufUtil - -Dio.netty.maxThreadLocalCharBufferSize: 16384
[DEBUG] 2021-04-19 14:56:25.779 [Forwarding newSession on session null to remote] DefaultChannelId - -Dio.netty.processId: 14592 (auto-detected)
[DEBUG] 2021-04-19 14:56:25.783 [Forwarding newSession on session null to remote] NetUtil - -Djava.net.preferIPv4Stack: false
[DEBUG] 2021-04-19 14:56:25.783 [Forwarding newSession on session null to remote] NetUtil - -Djava.net.preferIPv6Addresses: false
[DEBUG] 2021-04-19 14:56:26.063 [Forwarding newSession on session null to remote] NetUtilInitializations - Loopback interface: lo (Software Loopback Interface 1, 127.0.0.1)
[DEBUG] 2021-04-19 14:56:26.064 [Forwarding newSession on session null to remote] NetUtil - Failed to get SOMAXCONN from sysctl and file \proc\sys\net\core\somaxconn. Default: 200
[DEBUG] 2021-04-19 14:56:26.366 [Forwarding newSession on session null to remote] DefaultChannelId - -Dio.netty.machineId: 00:50:56:ff:fe:c0:00:08 (auto-detected)
[DEBUG] 2021-04-19 14:56:26.446 [AsyncHttpClient-1-2] AbstractByteBuf - -Dio.netty.buffer.checkAccessible: true
[DEBUG] 2021-04-19 14:56:26.447 [AsyncHttpClient-1-2] AbstractByteBuf - -Dio.netty.buffer.checkBounds: true
[DEBUG] 2021-04-19 14:56:26.448 [AsyncHttpClient-1-2] ResourceLeakDetectorFactory - Loaded default ResourceLeakDetector: io.netty.util.ResourceLeakDetector@625a5cd3
[DEBUG] 2021-04-19 14:56:26.482 [AsyncHttpClient-1-2] Recycler - -Dio.netty.recycler.maxCapacityPerThread: 4096
[DEBUG] 2021-04-19 14:56:26.483 [AsyncHttpClient-1-2] Recycler - -Dio.netty.recycler.maxSharedCapacityFactor: 2
[DEBUG] 2021-04-19 14:56:26.483 [AsyncHttpClient-1-2] Recycler - -Dio.netty.recycler.linkCapacity: 16
[DEBUG] 2021-04-19 14:56:26.483 [AsyncHttpClient-1-2] Recycler - -Dio.netty.recycler.ratio: 8
[DEBUG] 2021-04-19 14:56:26.484 [AsyncHttpClient-1-2] Recycler - -Dio.netty.recycler.delayedQueue.ratio: 8
[DEBUG] 2021-04-19 14:56:27.662 [main] ThreadLocalRandom - -Dio.netty.initialSeedUniquifier: 0x9cf13f1c635dcd34
[INFO ] 2021-04-19 14:56:31.962 [main] base - Browser is launched successfully
Title is OrangeHRM
BeforeMethod - Test report inititalization
Before test start
[INFO ] 2021-04-19 14:56:37.222 [main] class - User is logged in successfully
Passed: User is logged in successfully
[INFO ] 2021-04-19 14:56:44.851 [main] JobTitles - Emp is added successfully
Passed: Emp is added successfully
]]></system-out>
    <system-err><![CDATA[SLF4J: Failed to load class "org.slf4j.impl.StaticLoggerBinder".
SLF4J: Defaulting to no-operation (NOP) logger implementation
SLF4J: See http://www.slf4j.org/codes.html#StaticLoggerBinder for further details.
Starting ChromeDriver 89.0.4389.23 (61b08ee2c50024bab004e48d2b1b083cdbdac579-refs/branch-heads/4389@{#294}) on port 29456
Only local connections are allowed.
Please see https://chromedriver.chromium.org/security-considerations for suggestions on keeping ChromeDriver safe.
ChromeDriver was started successfully.
[1618824387.440][WARNING]: This version of ChromeDriver has not been tested with Chrome version 90.
Apr 19, 2021 2:56:27 PM org.openqa.selenium.remote.ProtocolHandshake createSession
INFO: Detected dialect: W3C
Apr 19, 2021 2:56:27 PM org.openqa.selenium.devtools.CdpVersionFinder findNearestMatch
WARNING: Unable to find an exact match for CDP version 90, so returning the closest version found: 89
Apr 19, 2021 2:56:27 PM org.openqa.selenium.devtools.CdpVersionFinder findNearestMatch
INFO: Found CDP implementation for version 90 of 89
]]></system-err>
  </testcase>
</testsuite>